Using pre-set license
Built from '2020.3/staging' branch; Version is '2020.3.11f1 (99c7afb366b3) revision 10078127'; Using compiler version '192528614'; Build Type 'Release'
OS: 'Windows 10 Home; OS build 19042.1348; Version 2009; 64bit' Language: 'en' Physical Memory: 16314 MB
BatchMode: 1, IsHumanControllingUs: 0, StartBugReporterOnCrash: 0, Is64bit: 1, IsPro: 0

 COMMAND LINE ARGUMENTS:
C:\Program Files\Unity\Hub\Editor\2020.3.11f1\Editor\Unity.exe
-adb2
-batchMode
-noUpm
-name
AssetImportWorker0
-projectPath
C:/Users/User/Documents/_4478 - Game Programming/Unity/Slime Invasion
-logFile
Logs/AssetImportWorker0.log
-srvPort
56613
Successfully changed project path to: C:/Users/User/Documents/_4478 - Game Programming/Unity/Slime Invasion
C:/Users/User/Documents/_4478 - Game Programming/Unity/Slime Invasion
Using Asset Import Pipeline V2.
Refreshing native plugins compatible for Editor in 59.45 ms, found 3 plugins.
Preloading 0 native plugins for Editor in 0.00 ms.
Initialize engine version: 2020.3.11f1 (99c7afb366b3)
[Subsystems] Discovering subsystems at path C:/Program Files/Unity/Hub/Editor/2020.3.11f1/Editor/Data/Resources/UnitySubsystems
[Subsystems] Discovering subsystems at path C:/Users/User/Documents/_4478 - Game Programming/Unity/Slime Invasion/Assets
GfxDevice: creating device client; threaded=0
Direct3D:
    Version:  Direct3D 11.0 [level 11.1]
    Renderer: NVIDIA GeForce GTX 1660 (ID=0x2184)
    Vendor:   
    VRAM:     5991 MB
    Driver:   27.21.14.6089
Initialize mono
Mono path[0] = 'C:/Program Files/Unity/Hub/Editor/2020.3.11f1/Editor/Data/Managed'
Mono path[1] = 'C:/Program Files/Unity/Hub/Editor/2020.3.11f1/Editor/Data/MonoBleedingEdge/lib/mono/unityjit'
Mono config path = 'C:/Program Files/Unity/Hub/Editor/2020.3.11f1/Editor/Data/MonoBleedingEdge/etc'
Using monoOptions --debugger-agent=transport=dt_socket,embedding=1,server=y,suspend=n,address=127.0.0.1:56824
Begin MonoManager ReloadAssembly
Registering precompiled unity dll's ...
Register platform support module: C:/Program Files/Unity/Hub/Editor/2020.3.11f1/Editor/Data/PlaybackEngines/WebGLSupport/UnityEditor.WebGL.Extensions.dll
Register platform support module: C:/Program Files/Unity/Hub/Editor/2020.3.11f1/Editor/Data/PlaybackEngines/WindowsStandaloneSupport/UnityEditor.WindowsStandalone.Extensions.dll
Registered in 0.003375 seconds.
Native extension for WindowsStandalone target not found
Native extension for WebGL target not found
Refreshing native plugins compatible for Editor in 53.19 ms, found 3 plugins.
Preloading 0 native plugins for Editor in 0.00 ms.
Mono: successfully reloaded assembly
- Completed reload, in  1.542 seconds
Platform modules already initialized, skipping
Registering precompiled user dll's ...
Registered in 0.005704 seconds.
Begin MonoManager ReloadAssembly
Native extension for WindowsStandalone target not found
Native extension for WebGL target not found
Refreshing native plugins compatible for Editor in 61.71 ms, found 3 plugins.
Preloading 0 native plugins for Editor in 0.00 ms.
Mono: successfully reloaded assembly
- Completed reload, in  1.568 seconds
Platform modules already initialized, skipping
========================================================================
Worker process is ready to serve import requests
Launched and connected shader compiler UnityShaderCompiler.exe after 0.06 seconds
Refreshing native plugins compatible for Editor in 0.80 ms, found 3 plugins.
Preloading 0 native plugins for Editor in 0.00 ms.
Unloading 2241 Unused Serialized files (Serialized files now loaded: 0)
System memory in use before: 98.2 MB.
System memory in use after: 98.2 MB.

Unloading 31 unused Assets to reduce memory usage. Loaded Objects now: 2675.
Total: 3.301700 ms (FindLiveObjects: 0.384800 ms CreateObjectMapping: 0.073700 ms MarkObjects: 2.705200 ms  DeleteObjects: 0.135800 ms)

========================================================================
Received Import Request.
  path: Assets/GameController.cs
  artifactKey: Guid(76dd0cfea219673478201b5c439353f5) Importer(815301076,1909f56bfc062723c751e8b465ee728b)
Start importing Assets/GameController.cs using Guid(76dd0cfea219673478201b5c439353f5) Importer(815301076,1909f56bfc062723c751e8b465ee728b)  -> (artifact id: '4e51e6c02fe258eeeebf63e18f2e7dcf') in 0.046833 seconds
  Import took 0.050698 seconds .

========================================================================
Received Import Request.
  Time since last request: 0.000206 seconds.
  path: Assets/PlayAgain.cs
  artifactKey: Guid(536834e14e25c474bb5fb7f06a99bf8e) Importer(815301076,1909f56bfc062723c751e8b465ee728b)
Start importing Assets/PlayAgain.cs using Guid(536834e14e25c474bb5fb7f06a99bf8e) Importer(815301076,1909f56bfc062723c751e8b465ee728b)  -> (artifact id: '43d42759351fc560fe2276ed2d37b59c') in 0.008124 seconds
  Import took 0.011822 seconds .

========================================================================
Received Import Request.
  Time since last request: 0.000215 seconds.
  path: Assets/FireEnemy.cs
  artifactKey: Guid(e496a1c899cfc7941b3f4d8ace5852ba) Importer(815301076,1909f56bfc062723c751e8b465ee728b)
Start importing Assets/FireEnemy.cs using Guid(e496a1c899cfc7941b3f4d8ace5852ba) Importer(815301076,1909f56bfc062723c751e8b465ee728b)  -> (artifact id: 'b00f90d02ad11ef33db089042adcad7e') in 0.009642 seconds
  Import took 0.013655 seconds .

========================================================================
Received Import Request.
  Time since last request: 2.787895 seconds.
  path: Assets/Potion.cs
  artifactKey: Guid(6306b8322ceb3c14c831c01f08b7dbdd) Importer(815301076,1909f56bfc062723c751e8b465ee728b)
Start importing Assets/Potion.cs using Guid(6306b8322ceb3c14c831c01f08b7dbdd) Importer(815301076,1909f56bfc062723c751e8b465ee728b)  -> (artifact id: 'b4d08d803a619813c0898dc8257d8ada') in 0.006876 seconds
  Import took 0.010467 seconds .

========================================================================
Received Import Request.
  Time since last request: 0.000447 seconds.
  path: Assets/Potion.cs
  artifactKey: Guid(6306b8322ceb3c14c831c01f08b7dbdd) Importer(815301076,1909f56bfc062723c751e8b465ee728b)
Start importing Assets/Potion.cs using Guid(6306b8322ceb3c14c831c01f08b7dbdd) Importer(815301076,1909f56bfc062723c751e8b465ee728b)  -> (artifact id: 'b4d08d803a619813c0898dc8257d8ada') in 0.002799 seconds
  Import took 0.006265 seconds .

========================================================================
Received Import Request.
  Time since last request: 0.833138 seconds.
  path: Assets/Projectile.cs
  artifactKey: Guid(9ccee2484437be64aaff064b530c41e7) Importer(815301076,1909f56bfc062723c751e8b465ee728b)
Start importing Assets/Projectile.cs using Guid(9ccee2484437be64aaff064b530c41e7) Importer(815301076,1909f56bfc062723c751e8b465ee728b)  -> (artifact id: '5369fffdcbefffa118552e544ff98e41') in 0.007583 seconds
  Import took 0.011111 seconds .

========================================================================
Received Import Request.
  Time since last request: 0.774228 seconds.
  path: Assets/Quit.cs
  artifactKey: Guid(d3e75cd70dc3d1b4facf358ab0cfbccb) Importer(815301076,1909f56bfc062723c751e8b465ee728b)
Start importing Assets/Quit.cs using Guid(d3e75cd70dc3d1b4facf358ab0cfbccb) Importer(815301076,1909f56bfc062723c751e8b465ee728b)  -> (artifact id: 'b0d503bf0eb6fe86121369e522978620') in 0.007888 seconds
  Import took 0.011768 seconds .

========================================================================
Received Import Request.
  Time since last request: 0.642741 seconds.
  path: Assets/RockProjectile.cs
  artifactKey: Guid(70808a49d0e5d1f48a09c41de5a0be3f) Importer(815301076,1909f56bfc062723c751e8b465ee728b)
Start importing Assets/RockProjectile.cs using Guid(70808a49d0e5d1f48a09c41de5a0be3f) Importer(815301076,1909f56bfc062723c751e8b465ee728b)  -> (artifact id: 'ec9b6387e5e24bba88639208e135fbae') in 0.007619 seconds
  Import took 0.012459 seconds .

========================================================================
Received Import Request.
  Time since last request: 0.000356 seconds.
  path: Assets/RockProjectile.cs
  artifactKey: Guid(70808a49d0e5d1f48a09c41de5a0be3f) Importer(815301076,1909f56bfc062723c751e8b465ee728b)
Start importing Assets/RockProjectile.cs using Guid(70808a49d0e5d1f48a09c41de5a0be3f) Importer(815301076,1909f56bfc062723c751e8b465ee728b)  -> (artifact id: 'ec9b6387e5e24bba88639208e135fbae') in 0.003076 seconds
  Import took 0.007132 seconds .

========================================================================
Received Import Request.
  Time since last request: 0.969701 seconds.
  path: Assets/SetText.cs
  artifactKey: Guid(5b369c3cc9921a7479073863be3a7a60) Importer(815301076,1909f56bfc062723c751e8b465ee728b)
Start importing Assets/SetText.cs using Guid(5b369c3cc9921a7479073863be3a7a60) Importer(815301076,1909f56bfc062723c751e8b465ee728b)  -> (artifact id: '33d18b85ab7e35423b2ae7f8f71c17c8') in 0.007050 seconds
  Import took 0.010556 seconds .

AssetImportWorkerClient::OnTransportError - code=2 error=End of file
